<?xml version="1.0" encoding="UTF-8"?>
<!-- Generated by org.testng.reporters.JUnitReportReporter -->
<testsuite hostname="SK-PC" failures="0" tests="1" name="sk.learning.testng.TestNGSample" time="2.033" errors="0" timestamp="30 Mar 2019 11:15:53 GMT" skipped="0">
  <testcase classname="sk.learning.testng.TestNGSample" name="calculation" time="2.033"/>
</testsuite> <!-- sk.learning.testng.TestNGSample -->
