<?xml version="1.0" encoding="UTF-8"?>
<!-- Generated by org.testng.reporters.JUnitReportReporter -->
<testsuite hostname="SK-PC" failures="0" tests="1" name="sk.learning.testng.TestNGSample" time="1.065" errors="0" timestamp="12 Apr 2019 06:25:02 GMT" skipped="0">
  <testcase classname="sk.learning.testng.TestNGSample" name="calculation" time="1.065"/>
</testsuite> <!-- sk.learning.testng.TestNGSample -->
