<?xml version="1.0" encoding="UTF-8"?>
<!-- Generated by org.testng.reporters.JUnitReportReporter -->
<testsuite hostname="SK-PC" failures="0" tests="1" name="sk.learning.grid.GridTesting" time="3.159" errors="0" timestamp="30 Mar 2019 11:31:58 GMT" skipped="0">
  <testcase classname="sk.learning.grid.GridTesting" name="calculation" time="3.159"/>
</testsuite> <!-- sk.learning.grid.GridTesting -->
